#
# There is insufficient memory for the Java Runtime Environment to continue.
# Native memory allocation (mmap) failed to map 130023424 bytes. Error detail: G1 virtual space
# Possible reasons:
#   The system is out of physical RAM or swap space
#   This process is running with CompressedOops enabled, and the Java Heap may be blocking the growth of the native heap
# Possible solutions:
#   Reduce memory load on the system
#   Increase physical memory or swap space
#   Check if swap backing store is full
#   Decrease Java heap size (-Xmx/-Xms)
#   Decrease number of Java threads
#   Decrease Java thread stack sizes (-Xss)
#   Set larger code cache with -XX:ReservedCodeCacheSize=
#   JVM is running with Unscaled Compressed Oops mode in which the Java heap is
#     placed in the first 4GB address space. The Java Heap base address is the
#     maximum limit for the native heap growth. Please use -XX:HeapBaseMinAddress
#     to set the Java Heap base and to place the Java Heap above 4GB virtual address.
# This output file may be truncated or incomplete.
#
#  Out of Memory Error (os_windows.cpp:3707), pid=22444, tid=23188
#
# JRE version:  (23.0.2+9) (build )
# Java VM: OpenJDK 64-Bit Server VM (23.0.2+9, mixed mode, sharing, tiered, compressed oops, compressed class ptrs, g1 gc, windows-amd64)
# No core dump will be written. Minidumps are not enabled by default on client versions of Windows
#

---------------  S U M M A R Y ------------

Command Line: -XX:TieredStopAtLevel=1 -Dspring.output.ansi.enabled=always -Dcom.sun.management.jmxremote -Dspring.jmx.enabled=true -Dspring.liveBeansView.mbeanDomain -Dspring.application.admin.enabled=true -Dmanagement.endpoints.jmx.exposure.include=* -javaagent:C:\Program Files\JetBrains\IntelliJ IDEA 2025.2.3\lib\idea_rt.jar=51842 -Dfile.encoding=UTF-8 -Dsun.stdout.encoding=UTF-8 -Dsun.stderr.encoding=UTF-8 via.sep3.viacalendar.StartServer

Host: Intel(R) Core(TM) i3-N305, 8 cores, 7G,  Windows 11 , 64 bit Build 26100 (10.0.26100.7019)
Time: Thu Nov 13 13:42:26 2025 Romance Standard Time elapsed time: 0.264058 seconds (0d 0h 0m 0s)

---------------  T H R E A D  ---------------

Current thread (0x00000290d364fa90):  JavaThread "Unknown thread" [_thread_in_vm, id=23188, stack(0x000000f33b300000,0x000000f33b400000) (1024K)]

Stack: [0x000000f33b300000,0x000000f33b400000]
Native frames: (J=compiled Java code, j=interpreted, Vv=VM code, C=native code)
V  [jvm.dll+0x6ef969]  (no source info available)
V  [jvm.dll+0x8e08c3]  (no source info available)
V  [jvm.dll+0x8e2b8e]  (no source info available)
V  [jvm.dll+0x8e3273]  (no source info available)
V  [jvm.dll+0x2858e6]  (no source info available)
V  [jvm.dll+0x6ec1a5]  (no source info available)
V  [jvm.dll+0x6dfe1a]  (no source info available)
V  [jvm.dll+0x367b5a]  (no source info available)
V  [jvm.dll+0x36ff96]  (no source info available)
V  [jvm.dll+0x35c4fe]  (no source info available)
V  [jvm.dll+0x35c798]  (no source info available)
V  [jvm.dll+0x33488c]  (no source info available)
V  [jvm.dll+0x33552e]  (no source info available)
V  [jvm.dll+0x8a6235]  (no source info available)
V  [jvm.dll+0x3c5bc8]  (no source info available)
V  [jvm.dll+0x88ec6c]  (no source info available)
V  [jvm.dll+0x45fc5e]  (no source info available)
V  [jvm.dll+0x461bb1]  (no source info available)
C  [jli.dll+0x52a3]  (no source info available)
C  [ucrtbase.dll+0x37b0]  (no source info available)
C  [KERNEL32.DLL+0x2e8d7]  (no source info available)
C  [ntdll.dll+0x8c53c]  (no source info available)

Lock stack of current Java thread (top to bottom):


---------------  P R O C E S S  ---------------

Threads class SMR info:
_java_thread_list=0x00007ff95bb697e0, length=0, elements={
}

Java Threads: ( => current thread )
Total: 0

Other Threads:
  0x00000290d36a3dc0 WorkerThread "GC Thread#0"                     [id=14428, stack(0x000000f33b400000,0x000000f33b500000) (1024K)]
  0x00000290d36b4a60 ConcurrentGCThread "G1 Main Marker"            [id=23780, stack(0x000000f33b500000,0x000000f33b600000) (1024K)]
  0x00000290d134e230 WorkerThread "G1 Conc#0"                       [id=19244, stack(0x000000f33b600000,0x000000f33b700000) (1024K)]

[error occurred during error reporting (printing all threads), id 0xc0000005, EXCEPTION_ACCESS_VIOLATION (0xc0000005) at pc=0x00007ff95b2389ca]
VM state: not at safepoint (not fully initialized)

VM Mutex/Monitor currently owned by a thread:  ([mutex/lock_event])
[0x00007ff95bbee0d8] Heap_lock - owner thread: 0x00000290d364fa90

Heap address: 0x0000000085600000, size: 1962 MB, Compressed Oops mode: 32-bit

CDS archive(s) mapped at: [0x0000000000000000-0x0000000000000000-0x0000000000000000), size 0, SharedBaseAddress: 0x0000000800000000, ArchiveRelocationMode: 1.
Narrow klass base: 0x0000000000000000, Narrow klass shift: 0, Narrow klass range: 0x0

GC Precious Log:
 CardTable entry size: 512
 Card Set container configuration: InlinePtr #cards 5 size 8 Array Of Cards #cards 10 size 36 Howl #buckets 4 coarsen threshold 1843 Howl Bitmap #cards 512 size 80 coarsen threshold 460 Card regions per heap region 1 cards per card region 2048

Heap:
 garbage-first heap   total reserved 2009088K, committed 0K, used 0K [0x0000000085600000, 0x0000000100000000)
  region size 1024K, 0 young (0K), 0 survivors (0K)

[error occurred during error reporting (printing heap information), id 0xc0000005, EXCEPTION_ACCESS_VIOLATION (0xc0000005) at pc=0x00007ff95b63bdb9]
GC Heap History (0 events):
No events

Dll operation events (1 events):
Event: 0.248 Loaded shared library C:\Users\tomgr\.jdks\liberica-full-23.0.2\bin\java.dll

Deoptimization events (0 events):
No events

Classes loaded (0 events):
No events

Classes unloaded (0 events):
No events

Classes redefined (0 events):
No events

Internal exceptions (0 events):
No events

VM Operations (0 events):
No events

Memory protections (0 events):
No events

Nmethod flushes (0 events):
No events

Events (0 events):
No events


Dynamic libraries:
0x00007ff697d00000 - 0x00007ff697d0e000 	C:\Users\tomgr\.jdks\liberica-full-23.0.2\bin\java.exe
0x00007ffa30520000 - 0x00007ffa30788000 	C:\WINDOWS\SYSTEM32\ntdll.dll
0x00007ffa2eb60000 - 0x00007ffa2ec29000 	C:\WINDOWS\System32\KERNEL32.DLL
0x00007ffa2db20000 - 0x00007ffa2df18000 	C:\WINDOWS\System32\KERNELBASE.dll
0x00007ffa2e090000 - 0x00007ffa2e1db000 	C:\WINDOWS\System32\ucrtbase.dll
0x00007ffa08e10000 - 0x00007ffa08e27000 	C:\Users\tomgr\.jdks\liberica-full-23.0.2\bin\jli.dll
0x00007ffa08e30000 - 0x00007ffa08e4b000 	C:\Users\tomgr\.jdks\liberica-full-23.0.2\bin\VCRUNTIME140.dll
0x00007ffa2ecb0000 - 0x00007ffa2ee77000 	C:\WINDOWS\System32\USER32.dll
0x00007ffa2e290000 - 0x00007ffa2e2b7000 	C:\WINDOWS\System32\win32u.dll
0x00007ffa2e650000 - 0x00007ffa2e67b000 	C:\WINDOWS\System32\GDI32.dll
0x00007ffa2d670000 - 0x00007ffa2d79c000 	C:\WINDOWS\System32\gdi32full.dll
0x00007ffa2e1e0000 - 0x00007ffa2e283000 	C:\WINDOWS\System32\msvcp_win.dll
0x00007ffa171d0000 - 0x00007ffa17464000 	C:\WINDOWS\WinSxS\amd64_microsoft.windows.common-controls_6595b64144ccf1df_6.0.26100.7019_none_3e06ffa0e335b8a8\COMCTL32.dll
0x00007ffa2f1e0000 - 0x00007ffa2f289000 	C:\WINDOWS\System32\msvcrt.dll
0x00007ffa2e2c0000 - 0x00007ffa2e2f1000 	C:\WINDOWS\System32\IMM32.DLL
0x00007ffa08e00000 - 0x00007ffa08e0c000 	C:\Users\tomgr\.jdks\liberica-full-23.0.2\bin\vcruntime140_1.dll
0x00007ff9bf5d0000 - 0x00007ff9bf65e000 	C:\Users\tomgr\.jdks\liberica-full-23.0.2\bin\msvcp140.dll
0x00007ff95aef0000 - 0x00007ff95bccf000 	C:\Users\tomgr\.jdks\liberica-full-23.0.2\bin\server\jvm.dll
0x00007ffa2f0a0000 - 0x00007ffa2f154000 	C:\WINDOWS\System32\ADVAPI32.dll
0x00007ffa2e9b0000 - 0x00007ffa2ea56000 	C:\WINDOWS\System32\sechost.dll
0x00007ffa2f2f0000 - 0x00007ffa2f408000 	C:\WINDOWS\System32\RPCRT4.dll
0x00007ffa2f020000 - 0x00007ffa2f094000 	C:\WINDOWS\System32\WS2_32.dll
0x00007ffa2a2a0000 - 0x00007ffa2a2d5000 	C:\WINDOWS\SYSTEM32\WINMM.dll
0x00007ffa2d4f0000 - 0x00007ffa2d54e000 	C:\WINDOWS\SYSTEM32\POWRPROF.dll
0x00007ffa213f0000 - 0x00007ffa213fb000 	C:\WINDOWS\SYSTEM32\VERSION.dll
0x00007ffa2d4d0000 - 0x00007ffa2d4e4000 	C:\WINDOWS\SYSTEM32\UMPDC.dll
0x00007ffa2c400000 - 0x00007ffa2c41b000 	C:\WINDOWS\SYSTEM32\kernel.appcore.dll
0x00007ffa08df0000 - 0x00007ffa08dfa000 	C:\Users\tomgr\.jdks\liberica-full-23.0.2\bin\jimage.dll
0x00007ffa2ae40000 - 0x00007ffa2b082000 	C:\WINDOWS\SYSTEM32\DBGHELP.DLL
0x00007ffa30000000 - 0x00007ffa3038b000 	C:\WINDOWS\System32\combase.dll
0x00007ffa2ea60000 - 0x00007ffa2eb37000 	C:\WINDOWS\System32\OLEAUT32.dll
0x00007ff9fc870000 - 0x00007ff9fc8ac000 	C:\WINDOWS\SYSTEM32\dbgcore.DLL
0x00007ffa2d7a0000 - 0x00007ffa2d845000 	C:\WINDOWS\System32\bcryptPrimitives.dll
0x00007ff9fc0e0000 - 0x00007ff9fc0ef000 	C:\Users\tomgr\.jdks\liberica-full-23.0.2\bin\instrument.dll
0x00007ffa08dd0000 - 0x00007ffa08dee000 	C:\Users\tomgr\.jdks\liberica-full-23.0.2\bin\java.dll
0x00007ffa2ee80000 - 0x00007ffa2f017000 	C:\WINDOWS\System32\ole32.dll
0x00007ffa2f410000 - 0x00007ffa2fb61000 	C:\WINDOWS\System32\SHELL32.dll
0x00007ffa2df20000 - 0x00007ffa2e08b000 	C:\WINDOWS\System32\wintypes.dll

dbghelp: loaded successfully - version: 4.0.5 - missing functions: none
symbol engine: initialized successfully - sym options: 0x614 - pdb path: .;C:\Users\tomgr\.jdks\liberica-full-23.0.2\bin;C:\WINDOWS\SYSTEM32;C:\WINDOWS\WinSxS\amd64_microsoft.windows.common-controls_6595b64144ccf1df_6.0.26100.7019_none_3e06ffa0e335b8a8;C:\Users\tomgr\.jdks\liberica-full-23.0.2\bin\server

VM Arguments:
jvm_args: -XX:TieredStopAtLevel=1 -Dspring.output.ansi.enabled=always -Dcom.sun.management.jmxremote -Dspring.jmx.enabled=true -Dspring.liveBeansView.mbeanDomain -Dspring.application.admin.enabled=true -Dmanagement.endpoints.jmx.exposure.include=* -javaagent:C:\Program Files\JetBrains\IntelliJ IDEA 2025.2.3\lib\idea_rt.jar=51842 -Dfile.encoding=UTF-8 -Dsun.stdout.encoding=UTF-8 -Dsun.stderr.encoding=UTF-8 
java_command: via.sep3.viacalendar.StartServer
java_class_path (initial): C:\Users\tomgr\IdeaProjects\ViaCalendar-Java\target\classes;C:\Users\tomgr\.m2\repository\javax\annotation\javax.annotation-api\1.3.2\javax.annotation-api-1.3.2.jar;C:\Users\tomgr\.m2\repository\org\postgresql\postgresql\42.6.0\postgresql-42.6.0.jar;C:\Users\tomgr\.m2\repository\org\checkerframework\checker-qual\3.31.0\checker-qual-3.31.0.jar;C:\Users\tomgr\.m2\repository\io\github\lognet\grpc-spring-boot-starter\4.8.0\grpc-spring-boot-starter-4.8.0.jar;C:\Users\tomgr\.m2\repository\io\grpc\grpc-netty-shaded\1.47.0\grpc-netty-shaded-1.47.0.jar;C:\Users\tomgr\.m2\repository\com\google\guava\guava\31.0.1-android\guava-31.0.1-android.jar;C:\Users\tomgr\.m2\repository\com\google\guava\failureaccess\1.0.1\failureaccess-1.0.1.jar;C:\Users\tomgr\.m2\repository\com\google\guava\listenablefuture\9999.0-empty-to-avoid-conflict-with-guava\listenablefuture-9999.0-empty-to-avoid-conflict-with-guava.jar;C:\Users\tomgr\.m2\repository\com\google\code\findbugs\jsr305\3.0.2\jsr305-3.0.2.jar;C:\Users\tomgr\.m2\repository\org\checkerframework\checker-compat-qual\2.5.5\checker-compat-qual-2.5.5.jar;C:\Users\tomgr\.m2\repository\com\google\j2objc\j2objc-annotations\1.3\j2objc-annotations-1.3.jar;C:\Users\tomgr\.m2\repository\com\google\errorprone\error_prone_annotations\2.10.0\error_prone_annotations-2.10.0.jar;C:\Users\tomgr\.m2\repository\io\perfmark\perfmark-api\0.25.0\perfmark-api-0.25.0.jar;C:\Users\tomgr\.m2\repository\io\grpc\grpc-core\1.47.0\grpc-core-1.47.0.jar;C:\Users\tomgr\.m2\repository\io\grpc\grpc-api\1.47.0\grpc-api-1.47.0.jar;C:\Users\tomgr\.m2\repository\io\grpc\grpc-context\1.47.0\grpc-context-1.47.0.jar;C:\Users\tomgr\.m2\repository\com\google\code\gson\gson\2.10.1\gson-2.10.1.jar;C:\Users\tomgr\.m2\repository\com\google\android\annotations\4.1.1.4\annotations-4.1.1.4.jar;C:\Users\tomgr\.m2\repository\org\codehaus\mojo\animal-sniffer-annotations\1.19\animal-sniffer-annotations-1.19.jar;C:\Users\tomgr\.m2\repository\io\grpc\grpc-services\1.47.0\grpc-services-1.47.0.jar;C:\Users\tomgr\.m2\repository\io\grpc\grpc-protobuf\1.47.0\grpc-protobuf-1.47.0.jar;C:\Users\tomgr\.m2\repository\com\google\api\grpc\proto-google-common-protos\2.0.1\proto-google-common-protos-2.0.1.jar;C:\Users\tomgr\.m2\repository\io\grpc\grpc-protobuf-lite\1.47.0\grpc-protobuf-lite-1.47.0.jar;C:\Users\tomgr\.m2\repository\io\grpc\grpc-stub\1.47.0\grpc-stub-1.47.0.jar;C:\Users\tomgr\.m2\repository\com\google\protobuf\protobuf-java-util\3.19.2\protobuf-java-util-3.19.2.jar;C:\Users\tomgr\.m2\repository\org\springframework\boot\spring-boot-starter\3.3.2\spring-boot-starter-3.3.2.jar;C:\Users\tomgr\.m2\repository\org\springframework\boot\spring-boot\3.3.2\spring-boot-3.3.2.jar;C:\Users\tomgr\.m2\repository\org\springframework\boot\spring-boot-autoconfigure\3.3.2\spring-boot-autoconfigure-3.3.2.jar;C:\Users\tomgr\.m2\repository\org\springframework\boot\spring-boot-starter-logging\3.3.2\spring-boot-starter-logging-3.3.2.jar;C:\Users\tomgr\.m2\repository\ch\qos\logback\logback-classic\1.5.6\logback-classic-1.5.6.jar;C:\Users\tomgr\.m2\repository\ch\qos\logback\logback-core\1.5.6\logback-core-1.5.6.jar;C:\Users\tomgr\.m2\repository\org\apache\logging\log4j\log4j-to-slf4j\2.23.1\log4j-to-slf4j-2.23.1.jar;C:\Users\tomgr\.m2\repository\org\apache\logging\log4j\log4j-api\2.23.1\log4j-api-2.23.1.jar;C:\Users\tomgr\.m2\repository\org\slf4j\jul-to-slf4j\2.0.13\jul-to-slf4j-2.0.13.jar;C:\Users\tomgr\.m2\repository\org\yaml\snakeyaml\2.2\snakeyaml-2.2.jar;C:\Users\tomgr\.m2\repository\io\netty\netty-tcnative-boringssl-static\2.0.65.Final\netty-tcnative-boringssl-static-2.0.65.Final.jar;C:\Users\tomgr\.m2\repository\io\netty\netty-tcnative-classes\2.0.65.Final\netty-tcnative-classes-2.0.65.Final.jar;C:\Users\tomgr\.m2\repository\io\netty\netty-tcnative-boringssl-static\2.0.65.Final\netty-tcnative-boringssl-static-2.0.65.Final-linux-x86_64.jar;C:\Users\tomgr\.m2\repository\io\netty\netty-tcnative-boringssl-static\2.0.65.Final\netty-tcnative-boringssl-static-2.0.65.Final-linux-aarch_64.jar;C:\Users\tomgr\.m2\repository\io\netty\netty-tcnative-boringssl-static\2.0.65.Final\netty-tcnative-boringssl-static-2.0.65.Final-osx-x86_64.jar;C:\Users\tomgr\.m2\repository\io\netty\netty-tcnative-boringssl-static\2.0.65.Final\netty-tcnative-boringssl-static-2.0.65.Final-osx-aarch_64.jar;C:\Users\tomgr\.m2\repository\io\netty\netty-tcnative-boringssl-static\2.0.65.Final\netty-tcnative-boringssl-static-2.0.65.Final-windows-x86_64.jar;C:\Users\tomgr\.m2\repository\jakarta\annotation\jakarta.annotation-api\2.1.1\jakarta.annotation-api-2.1.1.jar;C:\Users\tomgr\.m2\repository\com\google\protobuf\protobuf-java\3.21.6\protobuf-java-3.21.6.jar;C:\Users\tomgr\.m2\repository\org\slf4j\slf4j-api\2.0.13\slf4j-api-2.0.13.jar;C:\Users\tomgr\.m2\repository\jakarta\xml\bind\jakarta.xml.bind-api\4.0.2\jakarta.xml.bind-api-4.0.2.jar;C:\Users\tomgr\.m2\repository\jakarta\activation\jakarta.activation-api\2.1.3\jakarta.activation-api-2.1.3.jar;C:\Users\tomgr\.m2\repository\org\springframework\spring-core\6.1.11\spring-core-6.1.11.jar;C:\Users\tomgr\.m2\repository\org\springframework\spring-jcl\6.1.11\spring-jcl-6.1.11.jar;C:\Users\tomgr\.m2\repository\org\springframework\boot\spring-boot-starter-data-jpa\3.3.2\spring-boot-starter-data-jpa-3.3.2.jar;C:\Users\tomgr\.m2\repository\org\springframework\boot\spring-boot-starter-aop\3.3.2\spring-boot-starter-aop-3.3.2.jar;C:\Users\tomgr\.m2\repository\org\springframework\spring-aop\6.1.11\spring-aop-6.1.11.jar;C:\Users\tomgr\.m2\repository\org\aspectj\aspectjweaver\1.9.22.1\aspectjweaver-1.9.22.1.jar;C:\Users\tomgr\.m2\repository\org\springframework\boot\spring-boot-starter-jdbc\3.3.2\spring-boot-starter-jdbc-3.3.2.jar;C:\Users\tomgr\.m2\repository\com\zaxxer\HikariCP\5.1.0\HikariCP-5.1.0.jar;C:\Users\tomgr\.m2\repository\org\springframework\spring-jdbc\6.1.11\spring-jdbc-6.1.11.jar;C:\Users\tomgr\.m2\repository\org\hibernate\orm\hibernate-core\6.5.2.Final\hibernate-core-6.5.2.Final.jar;C:\Users\tomgr\.m2\repository\jakarta\persistence\jakarta.persistence-api\3.1.0\jakarta.persistence-api-3.1.0.jar;C:\Users\tomgr\.m2\repository\jakarta\transaction\jakarta.transaction-api\2.0.1\jakarta.transaction-api-2.0.1.jar;C:\Users\tomgr\.m2\repository\org\jboss\logging\jboss-logging\3.5.3.Final\jboss-logging-3.5.3.Final.jar;C:\Users\tomgr\.m2\repository\org\hibernate\common\hibernate-commons-annotations\6.0.6.Final\hibernate-commons-annotations-6.0.6.Final.jar;C:\Users\tomgr\.m2\repository\io\smallrye\jandex\3.1.2\jandex-3.1.2.jar;C:\Users\tomgr\.m2\repository\com\fasterxml\classmate\1.7.0\classmate-1.7.0.jar;C:\Users\tomgr\.m2\repository\org\glassfish\jaxb\jaxb-runtime\4.0.5\jaxb-runtime-4.0.5.jar;C:\Users\tomgr\.m2\repository\org\glassfish\jaxb\jaxb-core\4.0.5\jaxb-core-4.0.5.jar;C:\Users\tomgr\.m2\repository\org\eclipse\angus\angus-activation\2.0.2\angus-activation-2.0.2.jar;C:\Users\tomgr\.m2\repository\org\glassfish\jaxb\txw2\4.0.5\txw2-4.0.5.jar;C:\Users\tomgr\.m2\repository\com\sun\istack\istack-commons-runtime\4.1.2\istack-commons-runtime-4.1.2.jar;C:\Users\tomgr\.m2\repository\jakarta\inject\jakarta.inject-api\2.0.1\jakarta.inject-api-2.0.1.jar;C:\Users\tomgr\.m2\repository\org\antlr\antlr4-runtime\4.13.0\antlr4-runtime-4.13.0.jar;C:\Users\tomgr\.m2\repository\org\springframework\data\spring-data-jpa\3.3.2\spring-data-jpa-3.3.2.jar;C:\Users\tomgr\.m2\repository\org\springframework\data\spring-data-commons\3.3.2\spring-data-commons-3.3.2.jar;C:\Users\tomgr\.m2\repository\org\springframework\spring-orm\6.1.11\spring-orm-6.1.11.jar;C:\Users\tomgr\.m2\repository\org\springframework\spring-context\6.1.11\spring-context-6.1.11.jar;C:\Users\tomgr\.m2\repository\org\springframework\spring-expression\6.1.11\spring-expression-6.1.11.jar;C:\Users\tomgr\.m2\repository\io\micrometer\micrometer-observation\1.13.2\micrometer-observation-1.13.2.jar;C:\Users\tomgr\.m2\repository\io\micrometer\micrometer-commons\1.13.2\micrometer-commons-1.13.2.jar;C:\Users\tomgr\.m2\repository\org\springframework\spring-tx\6.1.11\spring-tx-6.1.11.jar;C:\Users\tomgr\.m2\repository\org\springframework\spring-beans\6.1.11\spring-beans-6.1.11.jar;C:\Users\tomgr\.m2\repository\org\springframework\spring-aspects\6.1.11\spring-aspects-6.1.11.jar;C:\Users\tomgr\.m2\repository\net\bytebuddy\byte-buddy\1.14.18\byte-buddy-1.14.18.jar
Launcher Type: SUN_STANDARD

[Global flags]
     intx CICompilerCount                          = 4                                         {product} {ergonomic}
     uint ConcGCThreads                            = 2                                         {product} {ergonomic}
     uint G1ConcRefinementThreads                  = 8                                         {product} {ergonomic}
   size_t G1HeapRegionSize                         = 1048576                                   {product} {ergonomic}
   size_t InitialHeapSize                          = 130023424                                 {product} {ergonomic}
     bool ManagementServer                         = true                                      {product} {command line}
   size_t MarkStackSize                            = 4194304                                   {product} {ergonomic}
   size_t MarkStackSizeMax                         = 536870912                                 {product} {ergonomic}
   size_t MaxHeapSize                              = 2057306112                                {product} {ergonomic}
   size_t MinHeapDeltaBytes                        = 1048576                                   {product} {ergonomic}
   size_t MinHeapSize                              = 8388608                                   {product} {ergonomic}
    uintx NonNMethodCodeHeapSize                   = 4096                                   {pd product} {ergonomic}
    uintx NonProfiledCodeHeapSize                  = 0                                      {pd product} {ergonomic}
     bool ProfileInterpreter                       = false                                  {pd product} {command line}
    uintx ProfiledCodeHeapSize                     = 0                                      {pd product} {ergonomic}
   size_t SoftMaxHeapSize                          = 2057306112                             {manageable} {ergonomic}
     intx TieredStopAtLevel                        = 1                                         {product} {command line}
     bool UseCompressedOops                        = true                           {product lp64_product} {ergonomic}
     bool UseG1GC                                  = true                                      {product} {ergonomic}
     bool UseLargePagesIndividualAllocation        = false                                  {pd product} {ergonomic}

Logging:
Log output configuration:
 #0: stdout all=warning uptime,level,tags foldmultilines=false
 #1: stderr all=off uptime,level,tags foldmultilines=false

Environment Variables:
JAVA_HOME=C:\Program Files\Java\bellsoft-jdk21.0.4-64-full\jdk-21.0.4-full
CLASSPATH=.;
PATH=C:\WINDOWS\system32;C:\WINDOWS;C:\WINDOWS\System32\Wbem;C:\WINDOWS\System32\WindowsPowerShell\v1.0\;C:\WINDOWS\System32\OpenSSH\;C:\Program Files\Java\bellsoft-jdk21.0.4-64-full\jdk-21.0.4-full\bin;C:\Program Files\Git\cmd;C:\Program Files\dotnet\;C:\Users\tomgr\AppData\Local\Programs\Python\Python313\Scripts\;C:\Users\tomgr\AppData\Local\Programs\Python\Python313\;C:\Users\tomgr\AppData\Local\Microsoft\WindowsApps;C:\Users\tomgr\AppData\Local\Programs\Microsoft VS Code\bin;C:\Users\tomgr\AppData\Local\GitHubDesktop\bin;C:\Users\tomgr\AppData\Local\JetBrains\Toolbox\scripts;;C:\Users\tomgr\AppData\Local\Microsoft\WindowsApps;C:\Users\tomgr\.dotnet\tools
USERNAME=tomgr
OS=Windows_NT
PROCESSOR_IDENTIFIER=Intel64 Family 6 Model 190 Stepping 0, GenuineIntel
TMP=C:\Users\tomgr\AppData\Local\Temp
TEMP=C:\Users\tomgr\AppData\Local\Temp




Periodic native trim disabled

---------------  S Y S T E M  ---------------

OS:
 Windows 11 , 64 bit Build 26100 (10.0.26100.7019)
OS uptime: 1 days 1:43 hours
Hyper-V role detected

CPU: total 8 (initial active 8) (8 cores per cpu, 1 threads per core) family 6 model 190 stepping 0 microcode 0x15, cx8, cmov, fxsr, mmx, 3dnowpref, sse, sse2, sse3, ssse3, sse4.1, sse4.2, popcnt, lzcnt, tsc, tscinvbit, avx, avx2, aes, erms, clmul, bmi1, bmi2, adx, sha, fma, vzeroupper, clflush, clflushopt, clwb, hv, serialize, rdtscp, rdpid, fsrm, gfni, f16c, cet_ibt, cet_ss
Processor Information for the first 8 processors :
  Max Mhz: 1800, Current Mhz: 1800, Mhz Limit: 1800

Memory: 4k page, system-wide physical 7847M (1048M free)
TotalPageFile size 15213M (AvailPageFile size 142M)
current process WorkingSet (physical memory assigned to process): 13M, peak: 13M
current process commit charge ("private bytes"): 56M, peak: 179M

vm_info: OpenJDK 64-Bit Server VM (23.0.2+9) for windows-amd64 JRE (23.0.2+9), built on 2025-01-22T12:12:37Z with MS VC++ 17.1 (VS2022)

END.
